[debug] [2026-04-30T15:00:26.268Z] ----------------------------------------------------------------------
[debug] [2026-04-30T15:00:26.271Z] Command:       C:\Program Files\nodejs\node.exe C:\Users\jherr\AppData\Roaming\npm\node_modules\firebase-tools\lib\bin\firebase.js init
[debug] [2026-04-30T15:00:26.272Z] CLI Version:   15.16.0
[debug] [2026-04-30T15:00:26.272Z] Platform:      win32
[debug] [2026-04-30T15:00:26.272Z] Node Version:  v22.19.0
[debug] [2026-04-30T15:00:26.272Z] Time:          Thu Apr 30 2026 17:00:26 GMT+0200 (hora de verano de Europa central)
[debug] [2026-04-30T15:00:26.272Z] ----------------------------------------------------------------------
[debug] 
[debug] [2026-04-30T15:00:26.274Z] >>> [apiv2][query] GET https://firebase-public.firebaseio.com/cli.json [none]
[info] 
     ######## #### ########  ######## ########     ###     ######  ########
     ##        ##  ##     ## ##       ##     ##  ##   ##  ##       ##
     ######    ##  ########  ######   ########  #########  ######  ######
     ##        ##  ##    ##  ##       ##     ## ##     ##       ## ##
     ##       #### ##     ## ######## ########  ##     ##  ######  ########

You're about to initialize a Firebase project in this directory:

  C:\Users\jherr\Documents\tfg

[debug] [2026-04-30T15:00:36.458Z] <<< [apiv2][status] GET https://firebase-public.firebaseio.com/cli.json 200
[debug] [2026-04-30T15:00:36.459Z] <<< [apiv2][body] GET https://firebase-public.firebaseio.com/cli.json {"cloudBuildErrorAfter":1594252800000,"cloudBuildWarnAfter":1590019200000,"defaultNode10After":1594252800000,"minVersion":"3.0.5","node8DeploysDisabledAfter":1613390400000,"node8RuntimeDisabledAfter":1615809600000,"node8WarnAfter":1600128000000}
[debug] [2026-04-30T15:02:28.363Z] ExitPromptError: User force closed the prompt with SIGINT
    at Interface.sigint (C:\Users\jherr\AppData\Roaming\npm\node_modules\firebase-tools\node_modules\@inquirer\core\dist\commonjs\lib\create-prompt.js:101:37)
    at Interface.emit (node:events:519:28)
    at [_ttyWrite] [as _ttyWrite] (node:internal/readline/interface:1132:18)
    at ReadStream.onkeypress (node:internal/readline/interface:271:20)
    at ReadStream.emit (node:events:531:35)
    at emitKeys (node:internal/readline/utils:370:14)
    at emitKeys.next (<anonymous>)
    at ReadStream.onData (node:internal/readline/emitKeypressEvents:64:36)
    at ReadStream.emit (node:events:519:28)
    at addChunk (node:internal/streams/readable:561:12)
[error] 
[error] Error: An unexpected error has occurred.
